[debug] [2020-12-04T08:20:06.552Z] ----------------------------------------------------------------------
[debug] [2020-12-04T08:20:06.555Z] Command:       C:\Program Files\nodejs\node.exe C:\Users\sathi\AppData\Roaming\npm\node_modules\firebase-tools\lib\bin\firebase.js emulators:start
[debug] [2020-12-04T08:20:06.556Z] CLI Version:   8.16.2
[debug] [2020-12-04T08:20:06.556Z] Platform:      win32
[debug] [2020-12-04T08:20:06.556Z] Node Version:  v12.19.0
[debug] [2020-12-04T08:20:06.557Z] Time:          Fri Dec 04 2020 13:50:06 GMT+0530 (India Standard Time)
[debug] [2020-12-04T08:20:06.558Z] ----------------------------------------------------------------------
[debug] [2020-12-04T08:20:06.558Z] 
[debug] [2020-12-04T08:20:06.568Z] > command requires scopes: ["email","openid","https://www.googleapis.com/auth/cloudplatformprojects.readonly","https://www.googleapis.com/auth/firebase","https://www.googleapis.com/auth/cloud-platform"]
[debug] [2020-12-04T08:20:06.569Z] > authorizing via signed-in user
[info] i  emulators: Starting emulators: functions, hosting {"metadata":{"emulator":{"name":"hub"},"message":"Starting emulators: functions, hosting"}}
[debug] [2020-12-04T08:20:06.637Z] [hub] writing locator at C:\Users\sathi\AppData\Local\Temp\hub-challenge-e1635.json
[warn] !  functions: The following emulators are not running, calls to these services from the Functions emulator will affect production: auth, firestore, database, pubsub {"metadata":{"emulator":{"name":"functions"},"message":"The following emulators are not running, calls to these services from the Functions emulator will affect production: \u001b[1mauth, firestore, database, pubsub\u001b[22m"}}
[info] +  functions: Using node@12 from host. {"metadata":{"emulator":{"name":"functions"},"message":"Using node@12 from host."}}
[debug] [2020-12-04T08:20:06.682Z] defaultcredentials: writing to file C:\Users\sathi\AppData\Roaming\firebase\sathishanand_sk_gmail.com_application_default_credentials.json
[debug] [2020-12-04T08:20:06.685Z] Setting GAC to C:\Users\sathi\AppData\Roaming\firebase\sathishanand_sk_gmail.com_application_default_credentials.json {"metadata":{"emulator":{"name":"functions"},"message":"Setting GAC to C:\\Users\\sathi\\AppData\\Roaming\\firebase\\sathishanand_sk_gmail.com_application_default_credentials.json"}}
[debug] [2020-12-04T08:20:06.701Z] >>> HTTP REQUEST GET https://firebase.googleapis.com/v1beta1/projects/challenge-e1635/webApps/-/config  
 
[debug] [2020-12-04T08:20:09.067Z] <<< HTTP RESPONSE 200 {"content-type":"application/json; charset=UTF-8","vary":"X-Origin, Referer, Origin,Accept-Encoding","date":"Fri, 04 Dec 2020 08:20:09 GMT","server":"ESF","cache-control":"private","x-xss-protection":"0","x-frame-options":"SAMEORIGIN","x-content-type-options":"nosniff","alt-svc":"h3-29=\":443\"; ma=2592000,h3-T051=\":443\"; ma=2592000,h3-Q050=\":443\"; ma=2592000,h3-Q046=\":443\"; ma=2592000,h3-Q043=\":443\"; ma=2592000,quic=\":443\"; ma=2592000; v=\"46,43\"","accept-ranges":"none","transfer-encoding":"chunked"}
[info] i  hosting: Serving hosting files from: build {"metadata":{"emulator":{"name":"hosting"},"message":"Serving hosting files from: \u001b[1mbuild\u001b[22m"}}
[info] +  hosting: Local server: http://localhost:5000 {"metadata":{"emulator":{"name":"hosting"},"message":"Local server: \u001b[4m\u001b[1mhttp://localhost:5000\u001b[22m\u001b[24m"}}
[warn] !  ui: Emulator UI unable to start on port 4000, starting on 4004 instead. {"metadata":{"emulator":{"name":"ui"},"message":"Emulator UI unable to start on port 4000, starting on 4004 instead."}}
[debug] [2020-12-04T08:20:09.243Z] Ignoring unsupported arg: auto_download {"metadata":{"emulator":{"name":"ui"},"message":"Ignoring unsupported arg: auto_download"}}
[debug] [2020-12-04T08:20:09.243Z] Ignoring unsupported arg: port {"metadata":{"emulator":{"name":"ui"},"message":"Ignoring unsupported arg: port"}}
[debug] [2020-12-04T08:20:09.244Z] Starting Emulator UI with command {"binary":"node","args":["C:\\Users\\sathi\\.cache\\firebase\\emulators\\ui-v1.2.2\\server.bundle.js"],"optionalArgs":[],"joinArgs":false} {"metadata":{"emulator":{"name":"ui"},"message":"Starting Emulator UI with command {\"binary\":\"node\",\"args\":[\"C:\\\\Users\\\\sathi\\\\.cache\\\\firebase\\\\emulators\\\\ui-v1.2.2\\\\server.bundle.js\"],\"optionalArgs\":[],\"joinArgs\":false}"}}
[info] i  ui: Emulator UI logging to ui-debug.log {"metadata":{"emulator":{"name":"ui"},"message":"Emulator UI logging to \u001b[1mui-debug.log\u001b[22m"}}
[debug] [2020-12-04T08:20:09.436Z] Web / API server started at http://localhost:4004
 {"metadata":{"emulator":{"name":"ui"},"message":"Web / API server started at http://localhost:4004\n"}}
[info] i  functions: Watching "D:\amazonclone\functions" for Cloud Functions... {"metadata":{"emulator":{"name":"functions"},"message":"Watching \"D:\\amazonclone\\functions\" for Cloud Functions..."}}
[debug] [2020-12-04T08:20:09.541Z] [worker-pool] addWorker(~diagnostic~) {"metadata":{"emulator":{"name":"functions"},"message":"[worker-pool] addWorker(~diagnostic~)"}}
[debug] [2020-12-04T08:20:09.542Z] [worker-pool] Adding worker with key ~diagnostic~, total=1 {"metadata":{"emulator":{"name":"functions"},"message":"[worker-pool] Adding worker with key ~diagnostic~, total=1"}}
[debug] [2020-12-04T08:20:09.543Z] [worker-pool] submitWork(triggerId=) {"metadata":{"emulator":{"name":"functions"},"message":"[worker-pool] submitWork(triggerId=)"}}
[debug] [2020-12-04T08:20:09.547Z] [worker-~diagnostic~-f13fc15c-adbb-4e96-baae-9c623f00f63a]: Assigning socketPath: \\?\pipe\D:\amazonclone\functions\3424 {"metadata":{"emulator":{"name":"functions"},"message":"[worker-~diagnostic~-f13fc15c-adbb-4e96-baae-9c623f00f63a]: Assigning socketPath: \\\\?\\pipe\\D:\\amazonclone\\functions\\3424"}}
[debug] [2020-12-04T08:20:09.548Z] [worker-~diagnostic~-f13fc15c-adbb-4e96-baae-9c623f00f63a]: BUSY {"metadata":{"emulator":{"name":"functions"},"message":"[worker-~diagnostic~-f13fc15c-adbb-4e96-baae-9c623f00f63a]: BUSY"}}
[debug] [2020-12-04T08:20:10.194Z] [runtime-status] [3424] Functions runtime initialized. {"cwd":"D:\\amazonclone\\functions","node_version":"12.19.0"} {"metadata":{"emulator":{"name":"functions"},"message":"[runtime-status] [3424] Functions runtime initialized. {\"cwd\":\"D:\\\\amazonclone\\\\functions\",\"node_version\":\"12.19.0\"}"}}
[debug] [2020-12-04T08:20:10.200Z] [runtime-status] [3424] Disabled runtime features: undefined {"metadata":{"emulator":{"name":"functions"},"message":"[runtime-status] [3424] Disabled runtime features: undefined"}}
[debug] [2020-12-04T08:20:10.205Z] [runtime-status] [3424] Resolved module firebase-admin {"declared":true,"installed":true,"version":"9.4.1","resolution":"D:\\amazonclone\\functions\\node_modules\\firebase-admin\\lib\\index.js"} {"metadata":{"emulator":{"name":"functions"},"message":"[runtime-status] [3424] Resolved module firebase-admin {\"declared\":true,\"installed\":true,\"version\":\"9.4.1\",\"resolution\":\"D:\\\\amazonclone\\\\functions\\\\node_modules\\\\firebase-admin\\\\lib\\\\index.js\"}"}}
[debug] [2020-12-04T08:20:10.211Z] [runtime-status] [3424] Resolved module firebase-functions {"declared":true,"installed":true,"version":"3.12.0","resolution":"D:\\amazonclone\\functions\\node_modules\\firebase-functions\\lib\\index.js"} {"metadata":{"emulator":{"name":"functions"},"message":"[runtime-status] [3424] Resolved module firebase-functions {\"declared\":true,\"installed\":true,\"version\":\"3.12.0\",\"resolution\":\"D:\\\\amazonclone\\\\functions\\\\node_modules\\\\firebase-functions\\\\lib\\\\index.js\"}"}}
[debug] [2020-12-04T08:20:10.212Z] [runtime-status] [3424] Resolved module firebase-functions {"declared":true,"installed":true,"version":"3.12.0","resolution":"D:\\amazonclone\\functions\\node_modules\\firebase-functions\\lib\\index.js"} {"metadata":{"emulator":{"name":"functions"},"message":"[runtime-status] [3424] Resolved module firebase-functions {\"declared\":true,\"installed\":true,\"version\":\"3.12.0\",\"resolution\":\"D:\\\\amazonclone\\\\functions\\\\node_modules\\\\firebase-functions\\\\lib\\\\index.js\"}"}}
[debug] [2020-12-04T08:20:10.215Z] [runtime-status] [3424] Outgoing network have been stubbed. [{"name":"http","status":"mocked"},{"name":"http","status":"mocked"},{"name":"https","status":"mocked"},{"name":"https","status":"mocked"},{"name":"net","status":"mocked"}] {"metadata":{"emulator":{"name":"functions"},"message":"[runtime-status] [3424] Outgoing network have been stubbed. [{\"name\":\"http\",\"status\":\"mocked\"},{\"name\":\"http\",\"status\":\"mocked\"},{\"name\":\"https\",\"status\":\"mocked\"},{\"name\":\"https\",\"status\":\"mocked\"},{\"name\":\"net\",\"status\":\"mocked\"}]"}}
[debug] [2020-12-04T08:20:10.216Z] [runtime-status] [3424] Resolved module firebase-functions {"declared":true,"installed":true,"version":"3.12.0","resolution":"D:\\amazonclone\\functions\\node_modules\\firebase-functions\\lib\\index.js"} {"metadata":{"emulator":{"name":"functions"},"message":"[runtime-status] [3424] Resolved module firebase-functions {\"declared\":true,\"installed\":true,\"version\":\"3.12.0\",\"resolution\":\"D:\\\\amazonclone\\\\functions\\\\node_modules\\\\firebase-functions\\\\lib\\\\index.js\"}"}}
[debug] [2020-12-04T08:20:10.273Z] [runtime-status] [3424] Checked functions.config() {"config":{}} {"metadata":{"emulator":{"name":"functions"},"message":"[runtime-status] [3424] Checked functions.config() {\"config\":{}}"}}
[debug] [2020-12-04T08:20:10.274Z] [runtime-status] [3424] firebase-functions has been stubbed. {"functionsResolution":{"declared":true,"installed":true,"version":"3.12.0","resolution":"D:\\amazonclone\\functions\\node_modules\\firebase-functions\\lib\\index.js"}} {"metadata":{"emulator":{"name":"functions"},"message":"[runtime-status] [3424] firebase-functions has been stubbed. {\"functionsResolution\":{\"declared\":true,\"installed\":true,\"version\":\"3.12.0\",\"resolution\":\"D:\\\\amazonclone\\\\functions\\\\node_modules\\\\firebase-functions\\\\lib\\\\index.js\"}}"}}
[debug] [2020-12-04T08:20:10.274Z] [runtime-status] [3424] Resolved module firebase-functions {"declared":true,"installed":true,"version":"3.12.0","resolution":"D:\\amazonclone\\functions\\node_modules\\firebase-functions\\lib\\index.js"} {"metadata":{"emulator":{"name":"functions"},"message":"[runtime-status] [3424] Resolved module firebase-functions {\"declared\":true,\"installed\":true,\"version\":\"3.12.0\",\"resolution\":\"D:\\\\amazonclone\\\\functions\\\\node_modules\\\\firebase-functions\\\\lib\\\\index.js\"}"}}
[debug] [2020-12-04T08:20:10.276Z] [runtime-status] [3424] Resolved module firebase-admin {"declared":true,"installed":true,"version":"9.4.1","resolution":"D:\\amazonclone\\functions\\node_modules\\firebase-admin\\lib\\index.js"} {"metadata":{"emulator":{"name":"functions"},"message":"[runtime-status] [3424] Resolved module firebase-admin {\"declared\":true,\"installed\":true,\"version\":\"9.4.1\",\"resolution\":\"D:\\\\amazonclone\\\\functions\\\\node_modules\\\\firebase-admin\\\\lib\\\\index.js\"}"}}
[debug] [2020-12-04T08:20:10.277Z] [runtime-status] [3424] Resolved module firebase-functions {"declared":true,"installed":true,"version":"3.12.0","resolution":"D:\\amazonclone\\functions\\node_modules\\firebase-functions\\lib\\index.js"} {"metadata":{"emulator":{"name":"functions"},"message":"[runtime-status] [3424] Resolved module firebase-functions {\"declared\":true,\"installed\":true,\"version\":\"3.12.0\",\"resolution\":\"D:\\\\amazonclone\\\\functions\\\\node_modules\\\\firebase-functions\\\\lib\\\\index.js\"}"}}
[debug] [2020-12-04T08:20:10.278Z] [runtime-status] [3424] firebase-admin has been stubbed. {"adminResolution":{"declared":true,"installed":true,"version":"9.4.1","resolution":"D:\\amazonclone\\functions\\node_modules\\firebase-admin\\lib\\index.js"}} {"metadata":{"emulator":{"name":"functions"},"message":"[runtime-status] [3424] firebase-admin has been stubbed. {\"adminResolution\":{\"declared\":true,\"installed\":true,\"version\":\"9.4.1\",\"resolution\":\"D:\\\\amazonclone\\\\functions\\\\node_modules\\\\firebase-admin\\\\lib\\\\index.js\"}}"}}
[info] 
┌────────────────────────────────────────────────────────────────┐
│ ✔  All emulators ready! View status and logs at localhost:4004 │
└────────────────────────────────────────────────────────────────┘

┌───────────┬────────────────┬──────────────────────────┐
│ Emulator  │ Host:Port      │ View in Emulator UI      │
├───────────┼────────────────┼──────────────────────────┤
│ Functions │ localhost:5001 │ localhost:4004/functions │
├───────────┼────────────────┼──────────────────────────┤
│ Hosting   │ localhost:5000 │ n/a                      │
└───────────┴────────────────┴──────────────────────────┘
  Other reserved ports: 4400, 4500

Issues? Report them at https://github.com/firebase/firebase-tools/issues and attach the *-debug.log files.
 
[debug] [2020-12-04T08:20:10.307Z] [worker-~diagnostic~-f13fc15c-adbb-4e96-baae-9c623f00f63a]: IDLE {"metadata":{"emulator":{"name":"functions"},"message":"[worker-~diagnostic~-f13fc15c-adbb-4e96-baae-9c623f00f63a]: IDLE"}}
[debug] [2020-12-04T08:21:03.913Z] [work-queue] {"queueLength":1,"workRunningCount":0}
[debug] [2020-12-04T08:21:03.914Z] [work-queue] {"queueLength":0,"workRunningCount":1}
[debug] [2020-12-04T08:21:03.916Z] FirebaseError: No trigger with name api {"metadata":{"emulator":{"name":"functions"},"message":{"name":"FirebaseError","children":[],"exit":1,"message":"No trigger with name api","status":500}}}
[debug] [2020-12-04T08:21:03.916Z] [work-queue] {"queueLength":0,"workRunningCount":0}
[debug] [2020-12-04T08:21:20.171Z] [work-queue] {"queueLength":1,"workRunningCount":0}
[debug] [2020-12-04T08:21:20.172Z] [work-queue] {"queueLength":0,"workRunningCount":1}
[debug] [2020-12-04T08:21:20.172Z] FirebaseError: No trigger with name api {"metadata":{"emulator":{"name":"functions"},"message":{"name":"FirebaseError","children":[],"exit":1,"message":"No trigger with name api","status":500}}}
[debug] [2020-12-04T08:21:20.173Z] [work-queue] {"queueLength":0,"workRunningCount":0}
[debug] [2020-12-04T08:23:20.477Z] [work-queue] {"queueLength":1,"workRunningCount":0}
[debug] [2020-12-04T08:23:20.478Z] [work-queue] {"queueLength":0,"workRunningCount":1}
[debug] [2020-12-04T08:23:20.478Z] FirebaseError: No trigger with name api {"metadata":{"emulator":{"name":"functions"},"message":{"name":"FirebaseError","children":[],"exit":1,"message":"No trigger with name api","status":500}}}
[debug] [2020-12-04T08:23:20.479Z] [work-queue] {"queueLength":0,"workRunningCount":0}
[debug] [2020-12-04T08:25:10.769Z] [work-queue] {"queueLength":1,"workRunningCount":0}
[debug] [2020-12-04T08:25:10.769Z] [work-queue] {"queueLength":0,"workRunningCount":1}
[debug] [2020-12-04T08:25:10.770Z] FirebaseError: No trigger with name api {"metadata":{"emulator":{"name":"functions"},"message":{"name":"FirebaseError","children":[],"exit":1,"message":"No trigger with name api","status":500}}}
[debug] [2020-12-04T08:25:10.770Z] [work-queue] {"queueLength":0,"workRunningCount":0}
[debug] [2020-12-04T08:28:40.804Z] [work-queue] {"queueLength":1,"workRunningCount":0}
[debug] [2020-12-04T08:28:40.804Z] [work-queue] {"queueLength":0,"workRunningCount":1}
[debug] [2020-12-04T08:28:40.804Z] FirebaseError: No trigger with name api {"metadata":{"emulator":{"name":"functions"},"message":{"name":"FirebaseError","children":[],"exit":1,"message":"No trigger with name api","status":500}}}
[debug] [2020-12-04T08:28:40.805Z] [work-queue] {"queueLength":0,"workRunningCount":0}
