[debug] [2020-12-04T08:05:42.357Z] ----------------------------------------------------------------------
[debug] [2020-12-04T08:05:42.360Z] Command:       C:\Program Files\nodejs\node.exe C:\Users\sathi\AppData\Roaming\npm\node_modules\firebase-tools\lib\bin\firebase.js emulators:start
[debug] [2020-12-04T08:05:42.361Z] CLI Version:   8.16.2
[debug] [2020-12-04T08:05:42.361Z] Platform:      win32
[debug] [2020-12-04T08:05:42.361Z] Node Version:  v12.19.0
[debug] [2020-12-04T08:05:42.363Z] Time:          Fri Dec 04 2020 13:35:42 GMT+0530 (India Standard Time)
[debug] [2020-12-04T08:05:42.363Z] ----------------------------------------------------------------------
[debug] [2020-12-04T08:05:42.363Z] 
[debug] [2020-12-04T08:05:42.375Z] > command requires scopes: ["email","openid","https://www.googleapis.com/auth/cloudplatformprojects.readonly","https://www.googleapis.com/auth/firebase","https://www.googleapis.com/auth/cloud-platform"]
[debug] [2020-12-04T08:05:42.376Z] > authorizing via signed-in user
[info] i  emulators: Starting emulators: functions, hosting {"metadata":{"emulator":{"name":"hub"},"message":"Starting emulators: functions, hosting"}}
[warn] !  emulators: It seems that you are running multiple instances of the emulator suite for project challenge-e1635. This may result in unexpected behavior. 
[debug] [2020-12-04T08:05:42.473Z] [hub] writing locator at C:\Users\sathi\AppData\Local\Temp\hub-challenge-e1635.json
[warn] !  functions: The following emulators are not running, calls to these services from the Functions emulator will affect production: auth, firestore, database, pubsub {"metadata":{"emulator":{"name":"functions"},"message":"The following emulators are not running, calls to these services from the Functions emulator will affect production: \u001b[1mauth, firestore, database, pubsub\u001b[22m"}}
[info] +  functions: Using node@12 from host. {"metadata":{"emulator":{"name":"functions"},"message":"Using node@12 from host."}}
[debug] [2020-12-04T08:05:42.587Z] defaultcredentials: writing to file C:\Users\sathi\AppData\Roaming\firebase\sathishanand_sk_gmail.com_application_default_credentials.json
[debug] [2020-12-04T08:05:42.593Z] Setting GAC to C:\Users\sathi\AppData\Roaming\firebase\sathishanand_sk_gmail.com_application_default_credentials.json {"metadata":{"emulator":{"name":"functions"},"message":"Setting GAC to C:\\Users\\sathi\\AppData\\Roaming\\firebase\\sathishanand_sk_gmail.com_application_default_credentials.json"}}
[debug] [2020-12-04T08:05:42.659Z] >>> HTTP REQUEST GET https://firebase.googleapis.com/v1beta1/projects/challenge-e1635/webApps/-/config  
 
[debug] [2020-12-04T08:05:44.519Z] <<< HTTP RESPONSE 200 {"content-type":"application/json; charset=UTF-8","vary":"X-Origin, Referer, Origin,Accept-Encoding","date":"Fri, 04 Dec 2020 08:05:44 GMT","server":"ESF","cache-control":"private","x-xss-protection":"0","x-frame-options":"SAMEORIGIN","x-content-type-options":"nosniff","alt-svc":"h3-29=\":443\"; ma=2592000,h3-T051=\":443\"; ma=2592000,h3-Q050=\":443\"; ma=2592000,h3-Q046=\":443\"; ma=2592000,h3-Q043=\":443\"; ma=2592000,quic=\":443\"; ma=2592000; v=\"46,43\"","accept-ranges":"none","transfer-encoding":"chunked"}
[info] i  hosting: Serving hosting files from: build {"metadata":{"emulator":{"name":"hosting"},"message":"Serving hosting files from: \u001b[1mbuild\u001b[22m"}}
[info] +  hosting: Local server: http://localhost:5000 {"metadata":{"emulator":{"name":"hosting"},"message":"Local server: \u001b[4m\u001b[1mhttp://localhost:5000\u001b[22m\u001b[24m"}}
[warn] !  ui: Emulator UI unable to start on port 4000, starting on 4002 instead. {"metadata":{"emulator":{"name":"ui"},"message":"Emulator UI unable to start on port 4000, starting on 4002 instead."}}
[debug] [2020-12-04T08:05:44.613Z] Ignoring unsupported arg: auto_download {"metadata":{"emulator":{"name":"ui"},"message":"Ignoring unsupported arg: auto_download"}}
[debug] [2020-12-04T08:05:44.613Z] Ignoring unsupported arg: port {"metadata":{"emulator":{"name":"ui"},"message":"Ignoring unsupported arg: port"}}
[debug] [2020-12-04T08:05:44.614Z] Starting Emulator UI with command {"binary":"node","args":["C:\\Users\\sathi\\.cache\\firebase\\emulators\\ui-v1.2.2\\server.bundle.js"],"optionalArgs":[],"joinArgs":false} {"metadata":{"emulator":{"name":"ui"},"message":"Starting Emulator UI with command {\"binary\":\"node\",\"args\":[\"C:\\\\Users\\\\sathi\\\\.cache\\\\firebase\\\\emulators\\\\ui-v1.2.2\\\\server.bundle.js\"],\"optionalArgs\":[],\"joinArgs\":false}"}}
[info] i  ui: Emulator UI logging to ui-debug.log {"metadata":{"emulator":{"name":"ui"},"message":"Emulator UI logging to \u001b[1mui-debug.log\u001b[22m"}}
[debug] [2020-12-04T08:05:44.789Z] Web / API server started at http://localhost:4002
 {"metadata":{"emulator":{"name":"ui"},"message":"Web / API server started at http://localhost:4002\n"}}
[info] i  functions: Watching "D:\amazonclone\functions" for Cloud Functions... {"metadata":{"emulator":{"name":"functions"},"message":"Watching \"D:\\amazonclone\\functions\" for Cloud Functions..."}}
[debug] [2020-12-04T08:05:44.896Z] [worker-pool] addWorker(~diagnostic~) {"metadata":{"emulator":{"name":"functions"},"message":"[worker-pool] addWorker(~diagnostic~)"}}
[debug] [2020-12-04T08:05:44.896Z] [worker-pool] Adding worker with key ~diagnostic~, total=1 {"metadata":{"emulator":{"name":"functions"},"message":"[worker-pool] Adding worker with key ~diagnostic~, total=1"}}
[debug] [2020-12-04T08:05:44.897Z] [worker-pool] submitWork(triggerId=) {"metadata":{"emulator":{"name":"functions"},"message":"[worker-pool] submitWork(triggerId=)"}}
[debug] [2020-12-04T08:05:44.897Z] [worker-~diagnostic~-58c06827-8a42-48f0-b4be-d2fd8bf2c469]: Assigning socketPath: \\?\pipe\D:\amazonclone\functions\9740 {"metadata":{"emulator":{"name":"functions"},"message":"[worker-~diagnostic~-58c06827-8a42-48f0-b4be-d2fd8bf2c469]: Assigning socketPath: \\\\?\\pipe\\D:\\amazonclone\\functions\\9740"}}
[debug] [2020-12-04T08:05:44.898Z] [worker-~diagnostic~-58c06827-8a42-48f0-b4be-d2fd8bf2c469]: BUSY {"metadata":{"emulator":{"name":"functions"},"message":"[worker-~diagnostic~-58c06827-8a42-48f0-b4be-d2fd8bf2c469]: BUSY"}}
[debug] [2020-12-04T08:05:45.692Z] [runtime-status] [9740] Functions runtime initialized. {"cwd":"D:\\amazonclone\\functions","node_version":"12.19.0"} {"metadata":{"emulator":{"name":"functions"},"message":"[runtime-status] [9740] Functions runtime initialized. {\"cwd\":\"D:\\\\amazonclone\\\\functions\",\"node_version\":\"12.19.0\"}"}}
[debug] [2020-12-04T08:05:45.696Z] [runtime-status] [9740] Disabled runtime features: undefined {"metadata":{"emulator":{"name":"functions"},"message":"[runtime-status] [9740] Disabled runtime features: undefined"}}
[debug] [2020-12-04T08:05:45.708Z] [runtime-status] [9740] Resolved module firebase-admin {"declared":true,"installed":true,"version":"9.4.1","resolution":"D:\\amazonclone\\functions\\node_modules\\firebase-admin\\lib\\index.js"} {"metadata":{"emulator":{"name":"functions"},"message":"[runtime-status] [9740] Resolved module firebase-admin {\"declared\":true,\"installed\":true,\"version\":\"9.4.1\",\"resolution\":\"D:\\\\amazonclone\\\\functions\\\\node_modules\\\\firebase-admin\\\\lib\\\\index.js\"}"}}
[debug] [2020-12-04T08:05:45.711Z] [runtime-status] [9740] Resolved module firebase-functions {"declared":true,"installed":true,"version":"3.12.0","resolution":"D:\\amazonclone\\functions\\node_modules\\firebase-functions\\lib\\index.js"} {"metadata":{"emulator":{"name":"functions"},"message":"[runtime-status] [9740] Resolved module firebase-functions {\"declared\":true,\"installed\":true,\"version\":\"3.12.0\",\"resolution\":\"D:\\\\amazonclone\\\\functions\\\\node_modules\\\\firebase-functions\\\\lib\\\\index.js\"}"}}
[debug] [2020-12-04T08:05:45.712Z] [runtime-status] [9740] Resolved module firebase-functions {"declared":true,"installed":true,"version":"3.12.0","resolution":"D:\\amazonclone\\functions\\node_modules\\firebase-functions\\lib\\index.js"} {"metadata":{"emulator":{"name":"functions"},"message":"[runtime-status] [9740] Resolved module firebase-functions {\"declared\":true,\"installed\":true,\"version\":\"3.12.0\",\"resolution\":\"D:\\\\amazonclone\\\\functions\\\\node_modules\\\\firebase-functions\\\\lib\\\\index.js\"}"}}
[debug] [2020-12-04T08:05:45.717Z] [runtime-status] [9740] Outgoing network have been stubbed. [{"name":"http","status":"mocked"},{"name":"http","status":"mocked"},{"name":"https","status":"mocked"},{"name":"https","status":"mocked"},{"name":"net","status":"mocked"}] {"metadata":{"emulator":{"name":"functions"},"message":"[runtime-status] [9740] Outgoing network have been stubbed. [{\"name\":\"http\",\"status\":\"mocked\"},{\"name\":\"http\",\"status\":\"mocked\"},{\"name\":\"https\",\"status\":\"mocked\"},{\"name\":\"https\",\"status\":\"mocked\"},{\"name\":\"net\",\"status\":\"mocked\"}]"}}
[debug] [2020-12-04T08:05:45.719Z] [runtime-status] [9740] Resolved module firebase-functions {"declared":true,"installed":true,"version":"3.12.0","resolution":"D:\\amazonclone\\functions\\node_modules\\firebase-functions\\lib\\index.js"} {"metadata":{"emulator":{"name":"functions"},"message":"[runtime-status] [9740] Resolved module firebase-functions {\"declared\":true,\"installed\":true,\"version\":\"3.12.0\",\"resolution\":\"D:\\\\amazonclone\\\\functions\\\\node_modules\\\\firebase-functions\\\\lib\\\\index.js\"}"}}
[debug] [2020-12-04T08:05:45.808Z] [runtime-status] [9740] Checked functions.config() {"config":{}} {"metadata":{"emulator":{"name":"functions"},"message":"[runtime-status] [9740] Checked functions.config() {\"config\":{}}"}}
[debug] [2020-12-04T08:05:45.809Z] [runtime-status] [9740] firebase-functions has been stubbed. {"functionsResolution":{"declared":true,"installed":true,"version":"3.12.0","resolution":"D:\\amazonclone\\functions\\node_modules\\firebase-functions\\lib\\index.js"}} {"metadata":{"emulator":{"name":"functions"},"message":"[runtime-status] [9740] firebase-functions has been stubbed. {\"functionsResolution\":{\"declared\":true,\"installed\":true,\"version\":\"3.12.0\",\"resolution\":\"D:\\\\amazonclone\\\\functions\\\\node_modules\\\\firebase-functions\\\\lib\\\\index.js\"}}"}}
[debug] [2020-12-04T08:05:45.810Z] [runtime-status] [9740] Resolved module firebase-functions {"declared":true,"installed":true,"version":"3.12.0","resolution":"D:\\amazonclone\\functions\\node_modules\\firebase-functions\\lib\\index.js"} {"metadata":{"emulator":{"name":"functions"},"message":"[runtime-status] [9740] Resolved module firebase-functions {\"declared\":true,\"installed\":true,\"version\":\"3.12.0\",\"resolution\":\"D:\\\\amazonclone\\\\functions\\\\node_modules\\\\firebase-functions\\\\lib\\\\index.js\"}"}}
[debug] [2020-12-04T08:05:45.811Z] [runtime-status] [9740] Resolved module firebase-admin {"declared":true,"installed":true,"version":"9.4.1","resolution":"D:\\amazonclone\\functions\\node_modules\\firebase-admin\\lib\\index.js"} {"metadata":{"emulator":{"name":"functions"},"message":"[runtime-status] [9740] Resolved module firebase-admin {\"declared\":true,\"installed\":true,\"version\":\"9.4.1\",\"resolution\":\"D:\\\\amazonclone\\\\functions\\\\node_modules\\\\firebase-admin\\\\lib\\\\index.js\"}"}}
[debug] [2020-12-04T08:05:45.812Z] [runtime-status] [9740] Resolved module firebase-functions {"declared":true,"installed":true,"version":"3.12.0","resolution":"D:\\amazonclone\\functions\\node_modules\\firebase-functions\\lib\\index.js"} {"metadata":{"emulator":{"name":"functions"},"message":"[runtime-status] [9740] Resolved module firebase-functions {\"declared\":true,\"installed\":true,\"version\":\"3.12.0\",\"resolution\":\"D:\\\\amazonclone\\\\functions\\\\node_modules\\\\firebase-functions\\\\lib\\\\index.js\"}"}}
[debug] [2020-12-04T08:05:45.814Z] [runtime-status] [9740] firebase-admin has been stubbed. {"adminResolution":{"declared":true,"installed":true,"version":"9.4.1","resolution":"D:\\amazonclone\\functions\\node_modules\\firebase-admin\\lib\\index.js"}} {"metadata":{"emulator":{"name":"functions"},"message":"[runtime-status] [9740] firebase-admin has been stubbed. {\"adminResolution\":{\"declared\":true,\"installed\":true,\"version\":\"9.4.1\",\"resolution\":\"D:\\\\amazonclone\\\\functions\\\\node_modules\\\\firebase-admin\\\\lib\\\\index.js\"}}"}}
[info] 
┌────────────────────────────────────────────────────────────────┐
│ ✔  All emulators ready! View status and logs at localhost:4002 │
└────────────────────────────────────────────────────────────────┘

┌───────────┬────────────────┬──────────────────────────┐
│ Emulator  │ Host:Port      │ View in Emulator UI      │
├───────────┼────────────────┼──────────────────────────┤
│ Functions │ localhost:5001 │ localhost:4002/functions │
├───────────┼────────────────┼──────────────────────────┤
│ Hosting   │ localhost:5000 │ n/a                      │
└───────────┴────────────────┴──────────────────────────┘
  Other reserved ports: 4400, 4500

Issues? Report them at https://github.com/firebase/firebase-tools/issues and attach the *-debug.log files.
 
[debug] [2020-12-04T08:05:45.828Z] [worker-~diagnostic~-58c06827-8a42-48f0-b4be-d2fd8bf2c469]: IDLE {"metadata":{"emulator":{"name":"functions"},"message":"[worker-~diagnostic~-58c06827-8a42-48f0-b4be-d2fd8bf2c469]: IDLE"}}
[debug] [2020-12-04T08:05:52.550Z] [work-queue] {"queueLength":1,"workRunningCount":0}
[debug] [2020-12-04T08:05:52.551Z] [work-queue] {"queueLength":0,"workRunningCount":1}
[debug] [2020-12-04T08:05:52.553Z] FirebaseError: No trigger with name api {"metadata":{"emulator":{"name":"functions"},"message":{"name":"FirebaseError","children":[],"exit":1,"message":"No trigger with name api","status":500}}}
[debug] [2020-12-04T08:05:52.555Z] [work-queue] {"queueLength":0,"workRunningCount":0}
[debug] [2020-12-04T08:06:29.684Z] [work-queue] {"queueLength":1,"workRunningCount":0}
[debug] [2020-12-04T08:06:29.685Z] [work-queue] {"queueLength":0,"workRunningCount":1}
[debug] [2020-12-04T08:06:29.686Z] FirebaseError: No trigger with name api {"metadata":{"emulator":{"name":"functions"},"message":{"name":"FirebaseError","children":[],"exit":1,"message":"No trigger with name api","status":500}}}
[debug] [2020-12-04T08:06:29.686Z] [work-queue] {"queueLength":0,"workRunningCount":0}
[info] i  hosting: 127.0.0.1 - - [04/Dec/2020:08:07:35 +0000] "GET / HTTP/1.1" 200 3024 "-" "Mozilla/5.0 (Windows NT 10.0; Win64; x64) AppleWebKit/537.36 (KHTML, like Gecko) Chrome/87.0.4280.88 Safari/537.36" {"metadata":{"emulator":{"name":"hosting"},"message":"127.0.0.1 - - [04/Dec/2020:08:07:35 +0000] \"GET / HTTP/1.1\" 200 3024 \"-\" \"Mozilla/5.0 (Windows NT 10.0; Win64; x64) AppleWebKit/537.36 (KHTML, like Gecko) Chrome/87.0.4280.88 Safari/537.36\""}}
[info] i  hosting: 127.0.0.1 - - [04/Dec/2020:08:07:35 +0000] "GET /static/css/main.35ffd68c.chunk.css HTTP/1.1" 200 4929 "http://localhost:5000/" "Mozilla/5.0 (Windows NT 10.0; Win64; x64) AppleWebKit/537.36 (KHTML, like Gecko) Chrome/87.0.4280.88 Safari/537.36" {"metadata":{"emulator":{"name":"hosting"},"message":"127.0.0.1 - - [04/Dec/2020:08:07:35 +0000] \"GET /static/css/main.35ffd68c.chunk.css HTTP/1.1\" 200 4929 \"http://localhost:5000/\" \"Mozilla/5.0 (Windows NT 10.0; Win64; x64) AppleWebKit/537.36 (KHTML, like Gecko) Chrome/87.0.4280.88 Safari/537.36\""}}
[info] i  hosting: 127.0.0.1 - - [04/Dec/2020:08:07:35 +0000] "GET /static/js/main.27778506.chunk.js HTTP/1.1" 200 16202 "http://localhost:5000/" "Mozilla/5.0 (Windows NT 10.0; Win64; x64) AppleWebKit/537.36 (KHTML, like Gecko) Chrome/87.0.4280.88 Safari/537.36" {"metadata":{"emulator":{"name":"hosting"},"message":"127.0.0.1 - - [04/Dec/2020:08:07:35 +0000] \"GET /static/js/main.27778506.chunk.js HTTP/1.1\" 200 16202 \"http://localhost:5000/\" \"Mozilla/5.0 (Windows NT 10.0; Win64; x64) AppleWebKit/537.36 (KHTML, like Gecko) Chrome/87.0.4280.88 Safari/537.36\""}}
[info] i  hosting: 127.0.0.1 - - [04/Dec/2020:08:07:36 +0000] "GET /static/js/2.fa0a7ce1.chunk.js HTTP/1.1" 200 1144606 "http://localhost:5000/" "Mozilla/5.0 (Windows NT 10.0; Win64; x64) AppleWebKit/537.36 (KHTML, like Gecko) Chrome/87.0.4280.88 Safari/537.36" {"metadata":{"emulator":{"name":"hosting"},"message":"127.0.0.1 - - [04/Dec/2020:08:07:36 +0000] \"GET /static/js/2.fa0a7ce1.chunk.js HTTP/1.1\" 200 1144606 \"http://localhost:5000/\" \"Mozilla/5.0 (Windows NT 10.0; Win64; x64) AppleWebKit/537.36 (KHTML, like Gecko) Chrome/87.0.4280.88 Safari/537.36\""}}
[debug] [2020-12-04T08:08:32.249Z] Received signal SIGHUP 1
